{"/home/travis/build/npmtest/node-npmtest-mockery/test.js":{"path":"/home/travis/build/npmtest/node-npmtest-mockery/test.js","s":{"1":2,"2":2,"3":2,"4":2,"5":2,"6":2,"7":2,"8":1,"9":2,"10":2,"11":1,"12":1,"13":1,"14":1,"15":2,"16":2,"17":2,"18":2,"19":1,"20":1,"21":2,"22":2,"23":2,"24":1,"25":1,"26":1,"27":1,"28":1,"29":1,"30":1,"31":1,"32":1,"33":1,"34":1,"35":1,"36":1,"37":2,"38":2,"39":1,"40":2,"41":2,"42":1,"43":2,"44":2,"45":1,"46":2,"47":2,"48":1,"49":1,"50":1,"51":1,"52":1},"b":{"1":[2,1,1,1],"2":[1,1,1,1],"3":[1,1],"4":[1,1],"5":[1,1],"6":[1,1],"7":[1,1],"8":[1,1],"9":[1,1,1],"10":[1,1],"11":[1,1],"12":[1,1],"13":[1,1],"14":[1,1],"15":[1,1],"16":[1,1]},"f":{"1":2,"2":2,"3":2,"4":2,"5":2,"6":1,"7":1,"8":2,"9":2,"10":2,"11":2,"12":1},"fnMap":{"1":{"name":"(anonymous_1)","line":12,"loc":{"start":{"line":12,"column":1},"end":{"line":12,"column":13}}},"2":{"name":"(anonymous_2)","line":19,"loc":{"start":{"line":19,"column":5},"end":{"line":19,"column":17}}},"3":{"name":"(anonymous_3)","line":23,"loc":{"start":{"line":23,"column":24},"end":{"line":23,"column":36}}},"4":{"name":"(anonymous_4)","line":61,"loc":{"start":{"line":61,"column":5},"end":{"line":61,"column":17}}},"5":{"name":"(anonymous_5)","line":82,"loc":{"start":{"line":82,"column":5},"end":{"line":82,"column":17}}},"6":{"name":"(anonymous_6)","line":102,"loc":{"start":{"line":102,"column":83},"end":{"line":105,"column":10}},"skip":true},"7":{"name":"(anonymous_7)","line":113,"loc":{"start":{"line":113,"column":77},"end":{"line":116,"column":10}},"skip":true},"8":{"name":"(anonymous_8)","line":129,"loc":{"start":{"line":129,"column":12},"end":{"line":129,"column":40}},"skip":true},"9":{"name":"(anonymous_9)","line":137,"loc":{"start":{"line":137,"column":77},"end":{"line":140,"column":10}},"skip":true},"10":{"name":"(anonymous_10)","line":148,"loc":{"start":{"line":148,"column":83},"end":{"line":151,"column":10}},"skip":true},"11":{"name":"(anonymous_11)","line":159,"loc":{"start":{"line":159,"column":79},"end":{"line":162,"column":10}},"skip":true},"12":{"name":"(anonymous_12)","line":170,"loc":{"start":{"line":170,"column":75},"end":{"line":173,"column":10}},"skip":true}},"statementMap":{"1":{"start":{"line":12,"column":0},"end":{"line":185,"column":5}},"2":{"start":{"line":14,"column":4},"end":{"line":14,"column":14}},"3":{"start":{"line":19,"column":4},"end":{"line":56,"column":9}},"4":{"start":{"line":21,"column":8},"end":{"line":21,"column":19}},"5":{"start":{"line":23,"column":8},"end":{"line":35,"column":13}},"6":{"start":{"line":24,"column":12},"end":{"line":34,"column":13}},"7":{"start":{"line":25,"column":16},"end":{"line":28,"column":30}},"8":{"start":{"line":30,"column":16},"end":{"line":33,"column":27}},"9":{"start":{"line":37,"column":8},"end":{"line":39,"column":21}},"10":{"start":{"line":40,"column":8},"end":{"line":53,"column":9}},"11":{"start":{"line":43,"column":12},"end":{"line":46,"column":14}},"12":{"start":{"line":47,"column":12},"end":{"line":47,"column":18}},"13":{"start":{"line":50,"column":12},"end":{"line":51,"column":46}},"14":{"start":{"line":52,"column":12},"end":{"line":52,"column":18}},"15":{"start":{"line":55,"column":8},"end":{"line":55,"column":35}},"16":{"start":{"line":61,"column":4},"end":{"line":63,"column":9}},"17":{"start":{"line":62,"column":8},"end":{"line":62,"column":15}},"18":{"start":{"line":64,"column":4},"end":{"line":77,"column":5}},"19":{"start":{"line":70,"column":8},"end":{"line":70,"column":14}},"20":{"start":{"line":76,"column":8},"end":{"line":76,"column":14}},"21":{"start":{"line":82,"column":4},"end":{"line":84,"column":9}},"22":{"start":{"line":83,"column":8},"end":{"line":83,"column":15}},"23":{"start":{"line":85,"column":4},"end":{"line":184,"column":5}},"24":{"start":{"line":92,"column":8},"end":{"line":94,"column":63}},"25":{"start":{"line":95,"column":8},"end":{"line":95,"column":14}},"26":{"start":{"line":102,"column":8},"end":{"line":111,"column":10},"skip":true},"27":{"start":{"line":109,"column":12},"end":{"line":109,"column":55},"skip":true},"28":{"start":{"line":110,"column":12},"end":{"line":110,"column":48},"skip":true},"29":{"start":{"line":113,"column":8},"end":{"line":126,"column":10},"skip":true},"30":{"start":{"line":120,"column":12},"end":{"line":120,"column":76},"skip":true},"31":{"start":{"line":121,"column":12},"end":{"line":121,"column":73},"skip":true},"32":{"start":{"line":122,"column":12},"end":{"line":122,"column":74},"skip":true},"33":{"start":{"line":123,"column":12},"end":{"line":123,"column":79},"skip":true},"34":{"start":{"line":124,"column":12},"end":{"line":124,"column":25},"skip":true},"35":{"start":{"line":125,"column":12},"end":{"line":125,"column":45},"skip":true},"36":{"start":{"line":128,"column":8},"end":{"line":135,"column":14},"skip":true},"37":{"start":{"line":133,"column":16},"end":{"line":133,"column":29},"skip":true},"38":{"start":{"line":134,"column":16},"end":{"line":134,"column":55},"skip":true},"39":{"start":{"line":137,"column":8},"end":{"line":146,"column":10},"skip":true},"40":{"start":{"line":144,"column":12},"end":{"line":144,"column":25},"skip":true},"41":{"start":{"line":145,"column":12},"end":{"line":145,"column":45},"skip":true},"42":{"start":{"line":148,"column":8},"end":{"line":157,"column":10},"skip":true},"43":{"start":{"line":155,"column":12},"end":{"line":155,"column":25},"skip":true},"44":{"start":{"line":156,"column":12},"end":{"line":156,"column":48},"skip":true},"45":{"start":{"line":159,"column":8},"end":{"line":168,"column":10},"skip":true},"46":{"start":{"line":166,"column":12},"end":{"line":166,"column":25},"skip":true},"47":{"start":{"line":167,"column":12},"end":{"line":167,"column":46},"skip":true},"48":{"start":{"line":170,"column":8},"end":{"line":179,"column":10},"skip":true},"49":{"start":{"line":177,"column":12},"end":{"line":177,"column":94},"skip":true},"50":{"start":{"line":178,"column":12},"end":{"line":178,"column":48},"skip":true},"51":{"start":{"line":182,"column":8},"end":{"line":182,"column":35},"skip":true},"52":{"start":{"line":183,"column":8},"end":{"line":183,"column":14},"skip":true}},"branchMap":{"1":{"line":25,"type":"binary-expr","locations":[{"start":{"line":25,"column":23},"end":{"line":25,"column":62}},{"start":{"line":26,"column":20},"end":{"line":26,"column":70}},{"start":{"line":27,"column":20},"end":{"line":27,"column":71}},{"start":{"line":28,"column":20},"end":{"line":28,"column":29}}]},"2":{"line":30,"type":"binary-expr","locations":[{"start":{"line":30,"column":23},"end":{"line":30,"column":37}},{"start":{"line":31,"column":20},"end":{"line":31,"column":61}},{"start":{"line":32,"column":20},"end":{"line":32,"column":70}},{"start":{"line":33,"column":20},"end":{"line":33,"column":26}}]},"3":{"line":37,"type":"cond-expr","locations":[{"start":{"line":38,"column":14},"end":{"line":38,"column":20}},{"start":{"line":39,"column":14},"end":{"line":39,"column":20}}]},"4":{"line":40,"type":"switch","locations":[{"start":{"line":42,"column":8},"end":{"line":47,"column":18}},{"start":{"line":49,"column":8},"end":{"line":52,"column":18}}]},"5":{"line":44,"type":"binary-expr","locations":[{"start":{"line":44,"column":16},"end":{"line":44,"column":44}},{"start":{"line":44,"column":48},"end":{"line":44,"column":66}}]},"6":{"line":50,"type":"binary-expr","locations":[{"start":{"line":50,"column":21},"end":{"line":50,"column":49}},{"start":{"line":50,"column":53},"end":{"line":50,"column":72}}]},"7":{"line":64,"type":"switch","locations":[{"start":{"line":69,"column":4},"end":{"line":70,"column":14}},{"start":{"line":75,"column":4},"end":{"line":76,"column":14}}]},"8":{"line":85,"type":"switch","locations":[{"start":{"line":90,"column":4},"end":{"line":95,"column":14}},{"start":{"line":101,"column":4},"end":{"line":183,"column":14},"skip":true}]},"9":{"line":92,"type":"binary-expr","locations":[{"start":{"line":92,"column":18},"end":{"line":92,"column":32}},{"start":{"line":93,"column":12},"end":{"line":93,"column":53}},{"start":{"line":94,"column":12},"end":{"line":94,"column":61}}]},"10":{"line":102,"type":"binary-expr","locations":[{"start":{"line":102,"column":45},"end":{"line":102,"column":79},"skip":true},{"start":{"line":102,"column":83},"end":{"line":111,"column":9},"skip":true}]},"11":{"line":113,"type":"binary-expr","locations":[{"start":{"line":113,"column":42},"end":{"line":113,"column":73},"skip":true},{"start":{"line":113,"column":77},"end":{"line":126,"column":9},"skip":true}]},"12":{"line":128,"type":"binary-expr","locations":[{"start":{"line":128,"column":48},"end":{"line":128,"column":85},"skip":true},{"start":{"line":129,"column":12},"end":{"line":135,"column":13},"skip":true}]},"13":{"line":137,"type":"binary-expr","locations":[{"start":{"line":137,"column":42},"end":{"line":137,"column":73},"skip":true},{"start":{"line":137,"column":77},"end":{"line":146,"column":9},"skip":true}]},"14":{"line":148,"type":"binary-expr","locations":[{"start":{"line":148,"column":45},"end":{"line":148,"column":79},"skip":true},{"start":{"line":148,"column":83},"end":{"line":157,"column":9},"skip":true}]},"15":{"line":159,"type":"binary-expr","locations":[{"start":{"line":159,"column":43},"end":{"line":159,"column":75},"skip":true},{"start":{"line":159,"column":79},"end":{"line":168,"column":9},"skip":true}]},"16":{"line":170,"type":"binary-expr","locations":[{"start":{"line":170,"column":41},"end":{"line":170,"column":71},"skip":true},{"start":{"line":170,"column":75},"end":{"line":179,"column":9},"skip":true}]}},"code":["/* istanbul instrument in package npmtest_mockery */","/*jslint","    bitwise: true,","    browser: true,","    maxerr: 8,","    maxlen: 96,","    node: true,","    nomen: true,","    regexp: true,","    stupid: true","*/","(function () {","    'use strict';","    var local;","","","","    // run shared js-env code - pre-init","    (function () {","        // init local","        local = {};","        // init modeJs","        local.modeJs = (function () {","            try {","                return typeof navigator.userAgent === 'string' &&","                    typeof document.querySelector('body') === 'object' &&","                    typeof XMLHttpRequest.prototype.open === 'function' &&","                    'browser';","            } catch (errorCaughtBrowser) {","                return module.exports &&","                    typeof process.versions.node === 'string' &&","                    typeof require('http').createServer === 'function' &&","                    'node';","            }","        }());","        // init global","        local.global = local.modeJs === 'browser'","            ? window","            : global;","        switch (local.modeJs) {","        // re-init local from window.local","        case 'browser':","            local = local.global.utility2.objectSetDefault(","                local.global.utility2_rollup || local.global.local,","                local.global.utility2","            );","            break;","        // re-init local from example.js","        case 'node':","            local = (local.global.utility2_rollup || require('utility2'))","                .requireExampleJsFromReadme();","            break;","        }","        // export local","        local.global.local = local;","    }());","","","","    // run shared js-env code - function","    (function () {","        return;","    }());","    switch (local.modeJs) {","","","","    // run browser js-env code - function","    case 'browser':","        break;","","","","    // run node js-env code - function","    case 'node':","        break;","    }","","","","    // run shared js-env code - post-init","    (function () {","        return;","    }());","    switch (local.modeJs) {","","","","    // run browser js-env code - post-init","    case 'browser':","        // run tests","        local.nop(local.modeTest &&","            document.querySelector('#testRunButton1') &&","            document.querySelector('#testRunButton1').click());","        break;","","","","    // run node js-env code - post-init","    /* istanbul ignore next */","    case 'node':","        local.testCase_buildApidoc_default = local.testCase_buildApidoc_default || function (","            options,","            onError","        ) {","        /*","         * this function will test buildApidoc's default handling-behavior-behavior","         */","            options = { modulePathList: module.paths };","            local.buildApidoc(options, onError);","        };","","        local.testCase_buildApp_default = local.testCase_buildApp_default || function (","            options,","            onError","        ) {","        /*","         * this function will test buildApp's default handling-behavior-behavior","         */","            local.testCase_buildReadme_default(options, local.onErrorThrow);","            local.testCase_buildLib_default(options, local.onErrorThrow);","            local.testCase_buildTest_default(options, local.onErrorThrow);","            local.testCase_buildCustomOrg_default(options, local.onErrorThrow);","            options = [];","            local.buildApp(options, onError);","        };","","        local.testCase_buildCustomOrg_default = local.testCase_buildCustomOrg_default ||","            function (options, onError) {","            /*","             * this function will test buildCustomOrg's default handling-behavior","             */","                options = {};","                local.buildCustomOrg(options, onError);","            };","","        local.testCase_buildLib_default = local.testCase_buildLib_default || function (","            options,","            onError","        ) {","        /*","         * this function will test buildLib's default handling-behavior","         */","            options = {};","            local.buildLib(options, onError);","        };","","        local.testCase_buildReadme_default = local.testCase_buildReadme_default || function (","            options,","            onError","        ) {","        /*","         * this function will test buildReadme's default handling-behavior-behavior","         */","            options = {};","            local.buildReadme(options, onError);","        };","","        local.testCase_buildTest_default = local.testCase_buildTest_default || function (","            options,","            onError","        ) {","        /*","         * this function will test buildTest's default handling-behavior","         */","            options = {};","            local.buildTest(options, onError);","        };","","        local.testCase_webpage_default = local.testCase_webpage_default || function (","            options,","            onError","        ) {","        /*","         * this function will test webpage's default handling-behavior","         */","            options = { modeCoverageMerge: true, url: local.serverLocalHost + '?modeTest=1' };","            local.browserTest(options, onError);","        };","","        // run test-server","        local.testRunServer(local);","        break;","    }","}());",""],"l":{"12":2,"14":2,"19":2,"21":2,"23":2,"24":2,"25":2,"30":1,"37":2,"40":2,"43":1,"47":1,"50":1,"52":1,"55":2,"61":2,"62":2,"64":2,"70":1,"76":1,"82":2,"83":2,"85":2,"92":1,"95":1,"102":1,"109":1,"110":1,"113":1,"120":1,"121":1,"122":1,"123":1,"124":1,"125":1,"128":1,"133":2,"134":2,"137":1,"144":2,"145":2,"148":1,"155":2,"156":2,"159":1,"166":2,"167":2,"170":1,"177":1,"178":1,"182":1,"183":1}},"/home/travis/build/npmtest/node-npmtest-mockery/lib.npmtest_mockery.js":{"path":"/home/travis/build/npmtest/node-npmtest-mockery/lib.npmtest_mockery.js","s":{"1":2,"2":2,"3":2,"4":2,"5":2,"6":2,"7":2,"8":1,"9":2,"10":2,"11":2,"12":2,"13":1,"14":1,"15":1,"16":1},"b":{"1":[2,1,1,1],"2":[1,1,1,1],"3":[1,1],"4":[2,2],"5":[1,1]},"f":{"1":2,"2":2,"3":2},"fnMap":{"1":{"name":"(anonymous_1)","line":12,"loc":{"start":{"line":12,"column":1},"end":{"line":12,"column":13}}},"2":{"name":"(anonymous_2)","line":19,"loc":{"start":{"line":19,"column":5},"end":{"line":19,"column":17}}},"3":{"name":"(anonymous_3)","line":23,"loc":{"start":{"line":23,"column":24},"end":{"line":23,"column":36}}}},"statementMap":{"1":{"start":{"line":12,"column":0},"end":{"line":53,"column":5}},"2":{"start":{"line":14,"column":4},"end":{"line":14,"column":14}},"3":{"start":{"line":19,"column":4},"end":{"line":52,"column":9}},"4":{"start":{"line":21,"column":8},"end":{"line":21,"column":19}},"5":{"start":{"line":23,"column":8},"end":{"line":35,"column":13}},"6":{"start":{"line":24,"column":12},"end":{"line":34,"column":13}},"7":{"start":{"line":25,"column":16},"end":{"line":28,"column":30}},"8":{"start":{"line":30,"column":16},"end":{"line":33,"column":27}},"9":{"start":{"line":37,"column":8},"end":{"line":39,"column":21}},"10":{"start":{"line":41,"column":8},"end":{"line":41,"column":54}},"11":{"start":{"line":43,"column":8},"end":{"line":43,"column":52}},"12":{"start":{"line":45,"column":8},"end":{"line":51,"column":9}},"13":{"start":{"line":46,"column":12},"end":{"line":46,"column":58}},"14":{"start":{"line":48,"column":12},"end":{"line":48,"column":35}},"15":{"start":{"line":49,"column":12},"end":{"line":49,"column":49}},"16":{"start":{"line":50,"column":12},"end":{"line":50,"column":43}}},"branchMap":{"1":{"line":25,"type":"binary-expr","locations":[{"start":{"line":25,"column":23},"end":{"line":25,"column":62}},{"start":{"line":26,"column":20},"end":{"line":26,"column":70}},{"start":{"line":27,"column":20},"end":{"line":27,"column":71}},{"start":{"line":28,"column":20},"end":{"line":28,"column":29}}]},"2":{"line":30,"type":"binary-expr","locations":[{"start":{"line":30,"column":23},"end":{"line":30,"column":37}},{"start":{"line":31,"column":20},"end":{"line":31,"column":61}},{"start":{"line":32,"column":20},"end":{"line":32,"column":70}},{"start":{"line":33,"column":20},"end":{"line":33,"column":26}}]},"3":{"line":37,"type":"cond-expr","locations":[{"start":{"line":38,"column":14},"end":{"line":38,"column":20}},{"start":{"line":39,"column":14},"end":{"line":39,"column":20}}]},"4":{"line":41,"type":"binary-expr","locations":[{"start":{"line":41,"column":16},"end":{"line":41,"column":44}},{"start":{"line":41,"column":48},"end":{"line":41,"column":53}}]},"5":{"line":45,"type":"if","locations":[{"start":{"line":45,"column":8},"end":{"line":45,"column":8}},{"start":{"line":45,"column":8},"end":{"line":45,"column":8}}]}},"code":["/* istanbul instrument in package npmtest_mockery */","/*jslint","    bitwise: true,","    browser: true,","    maxerr: 8,","    maxlen: 96,","    node: true,","    nomen: true,","    regexp: true,","    stupid: true","*/","(function () {","    'use strict';","    var local;","","","","    // run shared js-env code - pre-init","    (function () {","        // init local","        local = {};","        // init modeJs","        local.modeJs = (function () {","            try {","                return typeof navigator.userAgent === 'string' &&","                    typeof document.querySelector('body') === 'object' &&","                    typeof XMLHttpRequest.prototype.open === 'function' &&","                    'browser';","            } catch (errorCaughtBrowser) {","                return module.exports &&","                    typeof process.versions.node === 'string' &&","                    typeof require('http').createServer === 'function' &&","                    'node';","            }","        }());","        // init global","        local.global = local.modeJs === 'browser'","            ? window","            : global;","        // init utility2_rollup","        local = local.global.utility2_rollup || local;","        // init lib","        local.local = local.npmtest_mockery = local;","        // init exports","        if (local.modeJs === 'browser') {","            local.global.utility2_npmtest_mockery = local;","        } else {","            module.exports = local;","            module.exports.__dirname = __dirname;","            module.exports.module = module;","        }","    }());","}());",""],"l":{"12":2,"14":2,"19":2,"21":2,"23":2,"24":2,"25":2,"30":1,"37":2,"41":2,"43":2,"45":2,"46":1,"48":1,"49":1,"50":1}},"/home/travis/build/npmtest/node-npmtest-mockery/example.js":{"path":"/home/travis/build/npmtest/node-npmtest-mockery/example.js","s":{"1":2,"2":2,"3":2,"4":2,"5":2,"6":2,"7":2,"8":1,"9":2,"10":2,"11":2,"12":2,"13":1,"14":2,"15":2,"16":2,"17":2,"18":2,"19":0,"20":2,"21":1,"22":1,"23":1,"24":1,"25":1,"26":0,"27":0,"28":1,"29":1,"30":2,"31":0,"32":0,"33":0,"34":1,"35":2,"36":2,"37":2,"38":2,"39":2,"40":2,"41":0,"42":2,"43":2,"44":2,"45":1,"46":3,"47":1,"48":1,"49":1,"50":1,"51":1,"52":1,"53":1,"54":1,"55":1,"56":1,"57":0,"58":1,"59":6,"60":6,"61":1,"62":2,"63":0,"64":2,"65":1,"66":1,"67":0,"68":0,"69":0,"70":0,"71":0,"72":0,"73":0,"74":0,"75":0,"76":0,"77":0,"78":0,"79":0,"80":0,"81":0,"82":0,"83":0},"b":{"1":[2,1,1,1],"2":[1,1,1,1],"3":[1,1],"4":[2,2],"5":[1,1],"6":[1,1],"7":[2,0],"8":[2,1,1,1,1,1],"9":[0,2,0],"10":[1,1],"11":[2,1,1],"12":[1,0],"13":[0,2],"14":[2,0,0,0,0,0,0],"15":[0,2],"16":[2,0],"17":[1,1],"18":[0,1],"19":[1,2,0,2],"20":[1,0],"21":[1,1],"22":[0,0],"23":[0,0],"24":[0,0],"25":[0,0],"26":[0,0],"27":[0,0],"28":[0,0]},"f":{"1":2,"2":2,"3":2,"4":2,"5":2,"6":2,"7":2,"8":2,"9":3,"10":1,"11":6,"12":0},"fnMap":{"1":{"name":"(anonymous_1)","line":26,"loc":{"start":{"line":26,"column":1},"end":{"line":26,"column":13}}},"2":{"name":"(anonymous_2)","line":33,"loc":{"start":{"line":33,"column":5},"end":{"line":33,"column":17}}},"3":{"name":"(anonymous_3)","line":37,"loc":{"start":{"line":37,"column":24},"end":{"line":37,"column":36}}},"4":{"name":"(anonymous_4)","line":69,"loc":{"start":{"line":69,"column":31},"end":{"line":69,"column":48}},"skip":true},"5":{"name":"(anonymous_5)","line":78,"loc":{"start":{"line":78,"column":26},"end":{"line":78,"column":45}},"skip":true},"6":{"name":"(anonymous_6)","line":123,"loc":{"start":{"line":123,"column":33},"end":{"line":123,"column":48}},"skip":true},"7":{"name":"(anonymous_7)","line":125,"loc":{"start":{"line":125,"column":27},"end":{"line":125,"column":39}},"skip":true},"8":{"name":"(anonymous_8)","line":133,"loc":{"start":{"line":133,"column":59},"end":{"line":133,"column":74}},"skip":true},"9":{"name":"(anonymous_9)","line":143,"loc":{"start":{"line":143,"column":45},"end":{"line":143,"column":62}},"skip":true},"10":{"name":"(anonymous_10)","line":144,"loc":{"start":{"line":144,"column":73},"end":{"line":144,"column":92}},"skip":true},"11":{"name":"(anonymous_11)","line":272,"loc":{"start":{"line":272,"column":51},"end":{"line":272,"column":77}},"skip":true},"12":{"name":"(anonymous_12)","line":314,"loc":{"start":{"line":314,"column":32},"end":{"line":314,"column":61}},"skip":true}},"statementMap":{"1":{"start":{"line":26,"column":0},"end":{"line":325,"column":5}},"2":{"start":{"line":28,"column":4},"end":{"line":28,"column":14}},"3":{"start":{"line":33,"column":4},"end":{"line":60,"column":9}},"4":{"start":{"line":35,"column":8},"end":{"line":35,"column":19}},"5":{"start":{"line":37,"column":8},"end":{"line":49,"column":13}},"6":{"start":{"line":38,"column":12},"end":{"line":48,"column":13}},"7":{"start":{"line":39,"column":16},"end":{"line":42,"column":30}},"8":{"start":{"line":44,"column":16},"end":{"line":47,"column":27}},"9":{"start":{"line":51,"column":8},"end":{"line":53,"column":21}},"10":{"start":{"line":55,"column":8},"end":{"line":57,"column":45}},"11":{"start":{"line":59,"column":8},"end":{"line":59,"column":35}},"12":{"start":{"line":61,"column":4},"end":{"line":324,"column":5}},"13":{"start":{"line":69,"column":8},"end":{"line":121,"column":10},"skip":true},"14":{"start":{"line":70,"column":12},"end":{"line":88,"column":13},"skip":true},"15":{"start":{"line":76,"column":16},"end":{"line":87,"column":19},"skip":true},"16":{"start":{"line":79,"column":20},"end":{"line":86,"column":21},"skip":true},"17":{"start":{"line":82,"column":24},"end":{"line":82,"column":43},"skip":true},"18":{"start":{"line":83,"column":24},"end":{"line":83,"column":30},"skip":true},"19":{"start":{"line":85,"column":24},"end":{"line":85,"column":49},"skip":true},"20":{"start":{"line":89,"column":12},"end":{"line":107,"column":13},"skip":true},"21":{"start":{"line":92,"column":16},"end":{"line":102,"column":17},"skip":true},"22":{"start":{"line":93,"column":20},"end":{"line":93,"column":86},"skip":true},"23":{"start":{"line":94,"column":20},"end":{"line":95,"column":45},"skip":true},"24":{"start":{"line":96,"column":20},"end":{"line":96,"column":42},"skip":true},"25":{"start":{"line":97,"column":20},"end":{"line":97,"column":48},"skip":true},"26":{"start":{"line":100,"column":20},"end":{"line":100,"column":85},"skip":true},"27":{"start":{"line":101,"column":20},"end":{"line":101,"column":96},"skip":true},"28":{"start":{"line":103,"column":16},"end":{"line":103,"column":22},"skip":true},"29":{"start":{"line":106,"column":16},"end":{"line":106,"column":22},"skip":true},"30":{"start":{"line":108,"column":12},"end":{"line":120,"column":13},"skip":true},"31":{"start":{"line":114,"column":16},"end":{"line":119,"column":17},"skip":true},"32":{"start":{"line":116,"column":20},"end":{"line":116,"column":78},"skip":true},"33":{"start":{"line":118,"column":20},"end":{"line":118,"column":47},"skip":true},"34":{"start":{"line":123,"column":8},"end":{"line":141,"column":11},"skip":true},"35":{"start":{"line":124,"column":12},"end":{"line":124,"column":54},"skip":true},"36":{"start":{"line":125,"column":12},"end":{"line":140,"column":14},"skip":true},"37":{"start":{"line":126,"column":16},"end":{"line":126,"column":28},"skip":true},"38":{"start":{"line":127,"column":16},"end":{"line":127,"column":69},"skip":true},"39":{"start":{"line":128,"column":16},"end":{"line":128,"column":75},"skip":true},"40":{"start":{"line":129,"column":16},"end":{"line":131,"column":17},"skip":true},"41":{"start":{"line":130,"column":20},"end":{"line":130,"column":27},"skip":true},"42":{"start":{"line":133,"column":16},"end":{"line":137,"column":36},"skip":true},"43":{"start":{"line":134,"column":20},"end":{"line":136,"column":55},"skip":true},"44":{"start":{"line":139,"column":16},"end":{"line":139,"column":57},"skip":true},"45":{"start":{"line":143,"column":8},"end":{"line":147,"column":11},"skip":true},"46":{"start":{"line":144,"column":12},"end":{"line":146,"column":15},"skip":true},"47":{"start":{"line":145,"column":16},"end":{"line":145,"column":70},"skip":true},"48":{"start":{"line":149,"column":8},"end":{"line":149,"column":31},"skip":true},"49":{"start":{"line":150,"column":8},"end":{"line":150,"column":14},"skip":true},"50":{"start":{"line":158,"column":8},"end":{"line":158,"column":31},"skip":true},"51":{"start":{"line":160,"column":8},"end":{"line":160,"column":33},"skip":true},"52":{"start":{"line":161,"column":8},"end":{"line":161,"column":37},"skip":true},"53":{"start":{"line":162,"column":8},"end":{"line":162,"column":35},"skip":true},"54":{"start":{"line":164,"column":8},"end":{"line":164,"column":50},"skip":true},"55":{"start":{"line":166,"column":8},"end":{"line":256,"column":2},"skip":true},"56":{"start":{"line":258,"column":8},"end":{"line":286,"column":9},"skip":true},"57":{"start":{"line":259,"column":12},"end":{"line":269,"column":14},"skip":true},"58":{"start":{"line":271,"column":12},"end":{"line":285,"column":19},"skip":true},"59":{"start":{"line":274,"column":20},"end":{"line":274,"column":35},"skip":true},"60":{"start":{"line":275,"column":20},"end":{"line":284,"column":21},"skip":true},"61":{"start":{"line":277,"column":24},"end":{"line":277,"column":64},"skip":true},"62":{"start":{"line":279,"column":24},"end":{"line":279,"column":40},"skip":true},"63":{"start":{"line":281,"column":24},"end":{"line":281,"column":40},"skip":true},"64":{"start":{"line":283,"column":24},"end":{"line":283,"column":39},"skip":true},"65":{"start":{"line":288,"column":8},"end":{"line":290,"column":9},"skip":true},"66":{"start":{"line":289,"column":12},"end":{"line":289,"column":18},"skip":true},"67":{"start":{"line":291,"column":8},"end":{"line":293,"column":54},"skip":true},"68":{"start":{"line":294,"column":8},"end":{"line":301,"column":37},"skip":true},"69":{"start":{"line":302,"column":8},"end":{"line":302,"column":82},"skip":true},"70":{"start":{"line":305,"column":8},"end":{"line":307,"column":9},"skip":true},"71":{"start":{"line":306,"column":12},"end":{"line":306,"column":82},"skip":true},"72":{"start":{"line":309,"column":8},"end":{"line":311,"column":9},"skip":true},"73":{"start":{"line":310,"column":12},"end":{"line":310,"column":18},"skip":true},"74":{"start":{"line":312,"column":8},"end":{"line":312,"column":54},"skip":true},"75":{"start":{"line":313,"column":8},"end":{"line":313,"column":69},"skip":true},"76":{"start":{"line":314,"column":8},"end":{"line":322,"column":36},"skip":true},"77":{"start":{"line":315,"column":12},"end":{"line":315,"column":61},"skip":true},"78":{"start":{"line":316,"column":12},"end":{"line":319,"column":13},"skip":true},"79":{"start":{"line":317,"column":16},"end":{"line":317,"column":75},"skip":true},"80":{"start":{"line":318,"column":16},"end":{"line":318,"column":23},"skip":true},"81":{"start":{"line":320,"column":12},"end":{"line":320,"column":38},"skip":true},"82":{"start":{"line":321,"column":12},"end":{"line":321,"column":27},"skip":true},"83":{"start":{"line":323,"column":8},"end":{"line":323,"column":14},"skip":true}},"branchMap":{"1":{"line":39,"type":"binary-expr","locations":[{"start":{"line":39,"column":23},"end":{"line":39,"column":62}},{"start":{"line":40,"column":20},"end":{"line":40,"column":70}},{"start":{"line":41,"column":20},"end":{"line":41,"column":71}},{"start":{"line":42,"column":20},"end":{"line":42,"column":29}}]},"2":{"line":44,"type":"binary-expr","locations":[{"start":{"line":44,"column":23},"end":{"line":44,"column":37}},{"start":{"line":45,"column":20},"end":{"line":45,"column":61}},{"start":{"line":46,"column":20},"end":{"line":46,"column":70}},{"start":{"line":47,"column":20},"end":{"line":47,"column":26}}]},"3":{"line":51,"type":"cond-expr","locations":[{"start":{"line":52,"column":14},"end":{"line":52,"column":20}},{"start":{"line":53,"column":14},"end":{"line":53,"column":20}}]},"4":{"line":55,"type":"binary-expr","locations":[{"start":{"line":55,"column":16},"end":{"line":55,"column":44}},{"start":{"line":55,"column":49},"end":{"line":57,"column":43}}]},"5":{"line":55,"type":"cond-expr","locations":[{"start":{"line":56,"column":14},"end":{"line":56,"column":51}},{"start":{"line":57,"column":14},"end":{"line":57,"column":43}}]},"6":{"line":61,"type":"switch","locations":[{"start":{"line":68,"column":4},"end":{"line":150,"column":14},"skip":true},{"start":{"line":156,"column":4},"end":{"line":323,"column":14},"skip":true}]},"7":{"line":70,"type":"if","locations":[{"start":{"line":70,"column":12},"end":{"line":70,"column":12},"skip":true},{"start":{"line":70,"column":12},"end":{"line":70,"column":12},"skip":true}]},"8":{"line":70,"type":"binary-expr","locations":[{"start":{"line":70,"column":16},"end":{"line":70,"column":22},"skip":true},{"start":{"line":70,"column":27},"end":{"line":70,"column":32},"skip":true},{"start":{"line":71,"column":20},"end":{"line":71,"column":39},"skip":true},{"start":{"line":72,"column":20},"end":{"line":72,"column":49},"skip":true},{"start":{"line":73,"column":20},"end":{"line":73,"column":58},"skip":true},{"start":{"line":74,"column":20},"end":{"line":74,"column":69},"skip":true}]},"9":{"line":79,"type":"switch","locations":[{"start":{"line":80,"column":20},"end":{"line":80,"column":33},"skip":true},{"start":{"line":81,"column":20},"end":{"line":83,"column":30},"skip":true},{"start":{"line":84,"column":20},"end":{"line":85,"column":49},"skip":true}]},"10":{"line":89,"type":"switch","locations":[{"start":{"line":90,"column":12},"end":{"line":103,"column":22},"skip":true},{"start":{"line":105,"column":12},"end":{"line":106,"column":22},"skip":true}]},"11":{"line":89,"type":"binary-expr","locations":[{"start":{"line":89,"column":20},"end":{"line":89,"column":25},"skip":true},{"start":{"line":89,"column":29},"end":{"line":89,"column":48},"skip":true},{"start":{"line":89,"column":52},"end":{"line":89,"column":74},"skip":true}]},"12":{"line":92,"type":"if","locations":[{"start":{"line":92,"column":16},"end":{"line":92,"column":16},"skip":true},{"start":{"line":92,"column":16},"end":{"line":92,"column":16},"skip":true}]},"13":{"line":108,"type":"if","locations":[{"start":{"line":108,"column":12},"end":{"line":108,"column":12},"skip":true},{"start":{"line":108,"column":12},"end":{"line":108,"column":12},"skip":true}]},"14":{"line":108,"type":"binary-expr","locations":[{"start":{"line":108,"column":16},"end":{"line":108,"column":61},"skip":true},{"start":{"line":108,"column":66},"end":{"line":108,"column":72},"skip":true},{"start":{"line":108,"column":77},"end":{"line":108,"column":82},"skip":true},{"start":{"line":109,"column":20},"end":{"line":109,"column":39},"skip":true},{"start":{"line":110,"column":20},"end":{"line":110,"column":49},"skip":true},{"start":{"line":111,"column":20},"end":{"line":111,"column":58},"skip":true},{"start":{"line":112,"column":20},"end":{"line":112,"column":68},"skip":true}]},"15":{"line":129,"type":"if","locations":[{"start":{"line":129,"column":16},"end":{"line":129,"column":16},"skip":true},{"start":{"line":129,"column":16},"end":{"line":129,"column":16},"skip":true}]},"16":{"line":134,"type":"cond-expr","locations":[{"start":{"line":135,"column":26},"end":{"line":135,"column":29},"skip":true},{"start":{"line":136,"column":26},"end":{"line":136,"column":54},"skip":true}]},"17":{"line":164,"type":"binary-expr","locations":[{"start":{"line":164,"column":27},"end":{"line":164,"column":43},"skip":true},{"start":{"line":164,"column":47},"end":{"line":164,"column":49},"skip":true}]},"18":{"line":258,"type":"if","locations":[{"start":{"line":258,"column":8},"end":{"line":258,"column":8},"skip":true},{"start":{"line":258,"column":8},"end":{"line":258,"column":8},"skip":true}]},"19":{"line":275,"type":"switch","locations":[{"start":{"line":276,"column":20},"end":{"line":277,"column":64},"skip":true},{"start":{"line":278,"column":20},"end":{"line":279,"column":40},"skip":true},{"start":{"line":280,"column":20},"end":{"line":281,"column":40},"skip":true},{"start":{"line":282,"column":20},"end":{"line":283,"column":39},"skip":true}]},"20":{"line":288,"type":"if","locations":[{"start":{"line":288,"column":8},"end":{"line":288,"column":8},"skip":true},{"start":{"line":288,"column":8},"end":{"line":288,"column":8},"skip":true}]},"21":{"line":288,"type":"binary-expr","locations":[{"start":{"line":288,"column":12},"end":{"line":288,"column":40},"skip":true},{"start":{"line":288,"column":44},"end":{"line":288,"column":67},"skip":true}]},"22":{"line":292,"type":"binary-expr","locations":[{"start":{"line":292,"column":12},"end":{"line":292,"column":50},"skip":true},{"start":{"line":293,"column":12},"end":{"line":293,"column":53},"skip":true}]},"23":{"line":295,"type":"binary-expr","locations":[{"start":{"line":295,"column":12},"end":{"line":295,"column":65},"skip":true},{"start":{"line":296,"column":12},"end":{"line":301,"column":36},"skip":true}]},"24":{"line":302,"type":"binary-expr","locations":[{"start":{"line":302,"column":43},"end":{"line":302,"column":75},"skip":true},{"start":{"line":302,"column":79},"end":{"line":302,"column":81},"skip":true}]},"25":{"line":305,"type":"if","locations":[{"start":{"line":305,"column":8},"end":{"line":305,"column":8},"skip":true},{"start":{"line":305,"column":8},"end":{"line":305,"column":8},"skip":true}]},"26":{"line":309,"type":"if","locations":[{"start":{"line":309,"column":8},"end":{"line":309,"column":8},"skip":true},{"start":{"line":309,"column":8},"end":{"line":309,"column":8},"skip":true}]},"27":{"line":312,"type":"binary-expr","locations":[{"start":{"line":312,"column":27},"end":{"line":312,"column":43},"skip":true},{"start":{"line":312,"column":47},"end":{"line":312,"column":53},"skip":true}]},"28":{"line":316,"type":"if","locations":[{"start":{"line":316,"column":12},"end":{"line":316,"column":12},"skip":true},{"start":{"line":316,"column":12},"end":{"line":316,"column":12},"skip":true}]}},"code":["/*","example.js","","quickstart example","","instruction","    1. save this script as example.js","    2. run the shell command:","        $ npm install npmtest-mockery && PORT=8081 node example.js","    3. play with the browser-demo on http://127.0.0.1:8081","*/","","","","/* istanbul instrument in package npmtest_mockery */","/*jslint","    bitwise: true,","    browser: true,","    maxerr: 8,","    maxlen: 96,","    node: true,","    nomen: true,","    regexp: true,","    stupid: true","*/","(function () {","    'use strict';","    var local;","","","","    // run shared js-env code - pre-init","    (function () {","        // init local","        local = {};","        // init modeJs","        local.modeJs = (function () {","            try {","                return typeof navigator.userAgent === 'string' &&","                    typeof document.querySelector('body') === 'object' &&","                    typeof XMLHttpRequest.prototype.open === 'function' &&","                    'browser';","            } catch (errorCaughtBrowser) {","                return module.exports &&","                    typeof process.versions.node === 'string' &&","                    typeof require('http').createServer === 'function' &&","                    'node';","            }","        }());","        // init global","        local.global = local.modeJs === 'browser'","            ? window","            : global;","        // init utility2_rollup","        local = local.global.utility2_rollup || (local.modeJs === 'browser'","            ? local.global.utility2_npmtest_mockery","            : global.utility2_moduleExports);","        // export local","        local.global.local = local;","    }());","    switch (local.modeJs) {","","","","    // post-init","    // run browser js-env code - post-init","    /* istanbul ignore next */","    case 'browser':","        local.testRunBrowser = function (event) {","            if (!event || (event &&","                    event.currentTarget &&","                    event.currentTarget.className &&","                    event.currentTarget.className.includes &&","                    event.currentTarget.className.includes('onreset'))) {","                // reset output","                Array.from(","                    document.querySelectorAll('body > .resettable')","                ).forEach(function (element) {","                    switch (element.tagName) {","                    case 'INPUT':","                    case 'TEXTAREA':","                        element.value = '';","                        break;","                    default:","                        element.textContent = '';","                    }","                });","            }","            switch (event && event.currentTarget && event.currentTarget.id) {","            case 'testRunButton1':","                // show tests","                if (document.querySelector('#testReportDiv1').style.display === 'none') {","                    document.querySelector('#testReportDiv1').style.display = 'block';","                    document.querySelector('#testRunButton1').textContent =","                        'hide internal test';","                    local.modeTest = true;","                    local.testRunDefault(local);","                // hide tests","                } else {","                    document.querySelector('#testReportDiv1').style.display = 'none';","                    document.querySelector('#testRunButton1').textContent = 'run internal test';","                }","                break;","            // custom-case","            default:","                break;","            }","            if (document.querySelector('#inputTextareaEval1') && (!event || (event &&","                    event.currentTarget &&","                    event.currentTarget.className &&","                    event.currentTarget.className.includes &&","                    event.currentTarget.className.includes('oneval')))) {","                // try to eval input-code","                try {","                    /*jslint evil: true*/","                    eval(document.querySelector('#inputTextareaEval1').value);","                } catch (errorCaught) {","                    console.error(errorCaught);","                }","            }","        };","        // log stderr and stdout to #outputTextareaStdout1","        ['error', 'log'].forEach(function (key) {","            console[key + '_original'] = console[key];","            console[key] = function () {","                var element;","                console[key + '_original'].apply(console, arguments);","                element = document.querySelector('#outputTextareaStdout1');","                if (!element) {","                    return;","                }","                // append text to #outputTextareaStdout1","                element.value += Array.from(arguments).map(function (arg) {","                    return typeof arg === 'string'","                        ? arg","                        : JSON.stringify(arg, null, 4);","                }).join(' ') + '\\n';","                // scroll textarea to bottom","                element.scrollTop = element.scrollHeight;","            };","        });","        // init event-handling","        ['change', 'click', 'keyup'].forEach(function (event) {","            Array.from(document.querySelectorAll('.on' + event)).forEach(function (element) {","                element.addEventListener(event, local.testRunBrowser);","            });","        });","        // run tests","        local.testRunBrowser();","        break;","","","","    // run node js-env code - post-init","    /* istanbul ignore next */","    case 'node':","        // export local","        module.exports = local;","        // require modules","        local.fs = require('fs');","        local.http = require('http');","        local.url = require('url');","        // init assets","        local.assetsDict = local.assetsDict || {};","        /* jslint-ignore-begin */","        local.assetsDict['/assets.index.template.html'] = '\\","<!doctype html>\\n\\","<html lang=\"en\">\\n\\","<head>\\n\\","<meta charset=\"UTF-8\">\\n\\","<meta name=\"viewport\" content=\"width=device-width, initial-scale=1\">\\n\\","<title>{{env.npm_package_name}} (v{{env.npm_package_version}})</title>\\n\\","<style>\\n\\","/*csslint\\n\\","    box-sizing: false,\\n\\","    universal-selector: false\\n\\","*/\\n\\","* {\\n\\","    box-sizing: border-box;\\n\\","}\\n\\","body {\\n\\","    background: #dde;\\n\\","    font-family: Arial, Helvetica, sans-serif;\\n\\","    margin: 2rem;\\n\\","}\\n\\","body > * {\\n\\","    margin-bottom: 1rem;\\n\\","}\\n\\",".utility2FooterDiv {\\n\\","    margin-top: 20px;\\n\\","    text-align: center;\\n\\","}\\n\\","</style>\\n\\","<style>\\n\\","/*csslint\\n\\","*/\\n\\","textarea {\\n\\","    font-family: monospace;\\n\\","    height: 10rem;\\n\\","    width: 100%;\\n\\","}\\n\\","textarea[readonly] {\\n\\","    background: #ddd;\\n\\","}\\n\\","</style>\\n\\","</head>\\n\\","<body>\\n\\","<!-- utility2-comment\\n\\","<div id=\"ajaxProgressDiv1\" style=\"background: #d00; height: 2px; left: 0; margin: 0; padding: 0; position: fixed; top: 0; transition: background 0.5s, width 1.5s; width: 25%;\"></div>\\n\\","utility2-comment -->\\n\\","<h1>\\n\\","<!-- utility2-comment\\n\\","    <a\\n\\","        {{#if env.npm_package_homepage}}\\n\\","        href=\"{{env.npm_package_homepage}}\"\\n\\","        {{/if env.npm_package_homepage}}\\n\\","        target=\"_blank\"\\n\\","    >\\n\\","utility2-comment -->\\n\\","        {{env.npm_package_name}} (v{{env.npm_package_version}})\\n\\","<!-- utility2-comment\\n\\","    </a>\\n\\","utility2-comment -->\\n\\","</h1>\\n\\","<h3>{{env.npm_package_description}}</h3>\\n\\","<!-- utility2-comment\\n\\","<h4><a download href=\"assets.app.js\">download standalone app</a></h4>\\n\\","<button class=\"onclick onreset\" id=\"testRunButton1\">run internal test</button><br>\\n\\","<div id=\"testReportDiv1\" style=\"display: none;\"></div>\\n\\","utility2-comment -->\\n\\","\\n\\","\\n\\","\\n\\","<label>stderr and stdout</label>\\n\\","<textarea class=\"resettable\" id=\"outputTextareaStdout1\" readonly></textarea>\\n\\","<!-- utility2-comment\\n\\","{{#if isRollup}}\\n\\","<script src=\"assets.app.js\"></script>\\n\\","{{#unless isRollup}}\\n\\","utility2-comment -->\\n\\","<script src=\"assets.utility2.rollup.js\"></script>\\n\\","<script src=\"jsonp.utility2._stateInit?callback=window.utility2._stateInit\"></script>\\n\\","<script src=\"assets.npmtest_mockery.rollup.js\"></script>\\n\\","<script src=\"assets.example.js\"></script>\\n\\","<script src=\"assets.test.js\"></script>\\n\\","<!-- utility2-comment\\n\\","{{/if isRollup}}\\n\\","utility2-comment -->\\n\\","<div class=\"utility2FooterDiv\">\\n\\","    [ this app was created with\\n\\","    <a href=\"https://github.com/kaizhu256/node-utility2\" target=\"_blank\">utility2</a>\\n\\","    ]\\n\\","</div>\\n\\","</body>\\n\\","</html>\\n\\","';","        /* jslint-ignore-end */","        if (local.templateRender) {","            local.assetsDict['/'] = local.templateRender(","                local.assetsDict['/assets.index.template.html'],","                {","                    env: local.objectSetDefault(local.env, {","                        npm_package_description: 'the greatest app in the world!',","                        npm_package_name: 'my-app',","                        npm_package_nameAlias: 'my_app',","                        npm_package_version: '0.0.1'","                    })","                }","            );","        } else {","            local.assetsDict['/'] = local.assetsDict['/assets.index.template.html']","                .replace((/\\{\\{env\\.(\\w+?)\\}\\}/g), function (match0, match1) {","                    // jslint-hack","                    String(match0);","                    switch (match1) {","                    case 'npm_package_description':","                        return 'the greatest app in the world!';","                    case 'npm_package_name':","                        return 'my-app';","                    case 'npm_package_nameAlias':","                        return 'my_app';","                    case 'npm_package_version':","                        return '0.0.1';","                    }","                });","        }","        // run the cli","        if (local.global.utility2_rollup || module !== require.main) {","            break;","        }","        local.assetsDict['/assets.example.js'] =","            local.assetsDict['/assets.example.js'] ||","            local.fs.readFileSync(__filename, 'utf8');","        local.assetsDict['/assets.npmtest_mockery.rollup.js'] =","            local.assetsDict['/assets.npmtest_mockery.rollup.js'] ||","            local.fs.readFileSync(","                // buildCustomOrg-hack","                local.npmtest_mockery.__dirname +","                    '/lib.npmtest_mockery.js',","                'utf8'","            ).replace((/^#!/), '//');","        local.assetsDict['/favicon.ico'] = local.assetsDict['/favicon.ico'] || '';","        // if $npm_config_timeout_exit exists,","        // then exit this process after $npm_config_timeout_exit ms","        if (Number(process.env.npm_config_timeout_exit)) {","            setTimeout(process.exit, Number(process.env.npm_config_timeout_exit));","        }","        // start server","        if (local.global.utility2_serverHttp1) {","            break;","        }","        process.env.PORT = process.env.PORT || '8081';","        console.error('server starting on port ' + process.env.PORT);","        local.http.createServer(function (request, response) {","            request.urlParsed = local.url.parse(request.url);","            if (local.assetsDict[request.urlParsed.pathname] !== undefined) {","                response.end(local.assetsDict[request.urlParsed.pathname]);","                return;","            }","            response.statusCode = 404;","            response.end();","        }).listen(process.env.PORT);","        break;","    }","}());",""],"l":{"26":2,"28":2,"33":2,"35":2,"37":2,"38":2,"39":2,"44":1,"51":2,"55":2,"59":2,"61":2,"69":1,"70":2,"76":2,"79":2,"82":2,"83":2,"85":1,"89":2,"92":1,"93":1,"94":1,"96":1,"97":1,"100":1,"101":1,"103":1,"106":1,"108":2,"114":1,"116":1,"118":1,"123":1,"124":2,"125":2,"126":2,"127":2,"128":2,"129":2,"130":1,"133":2,"134":2,"139":2,"143":1,"144":3,"145":1,"149":1,"150":1,"158":1,"160":1,"161":1,"162":1,"164":1,"166":1,"258":1,"259":1,"271":1,"274":6,"275":6,"277":1,"279":2,"281":1,"283":2,"288":1,"289":1,"291":1,"294":1,"302":1,"305":1,"306":1,"309":1,"310":1,"312":1,"313":1,"314":1,"315":1,"316":1,"317":1,"318":1,"320":1,"321":1,"323":1}},"/home/travis/build/npmtest/node-npmtest-mockery/node_modules/mockery/mockery.js":{"path":"/home/travis/build/npmtest/node-npmtest-mockery/node_modules/mockery/mockery.js","s":{"1":1,"2":1,"3":0,"4":0,"5":0,"6":0,"7":0,"8":0,"9":0,"10":1,"11":0,"12":0,"13":0,"14":0,"15":0,"16":0,"17":0,"18":0,"19":0,"20":0,"21":0,"22":0,"23":0,"24":0,"25":0,"26":0,"27":0,"28":0,"29":0,"30":0,"31":0,"32":1,"33":0,"34":0,"35":0,"36":0,"37":0,"38":0,"39":0,"40":0,"41":0,"42":1,"43":0,"44":0,"45":0,"46":0,"47":0,"48":0,"49":0,"50":0,"51":0,"52":0,"53":0,"54":1,"55":0,"56":0,"57":0,"58":0,"59":1,"60":0,"61":0,"62":0,"63":1,"64":0,"65":1,"66":0,"67":1,"68":0,"69":0,"70":0,"71":1,"72":0,"73":0,"74":1,"75":0,"76":0,"77":0,"78":1,"79":0,"80":0,"81":1,"82":0,"83":1,"84":0,"85":0,"86":1,"87":0,"88":0,"89":0,"90":0,"91":0,"92":0,"93":1,"94":0,"95":0,"96":1,"97":0,"98":0,"99":0,"100":0,"101":0,"102":0,"103":0,"104":0,"105":1,"106":0,"107":0,"108":0,"109":0,"110":0,"111":0,"112":1,"113":1,"114":1,"115":1,"116":1,"117":1,"118":1,"119":1,"120":1,"121":1,"122":1,"123":1,"124":1,"125":1},"b":{"1":[0,0],"2":[0,0],"3":[0,0],"4":[0,0],"5":[0,0],"6":[0,0],"7":[0,0],"8":[0,0],"9":[0,0],"10":[0,0],"11":[0,0,0],"12":[0,0],"13":[0,0],"14":[0,0],"15":[0,0],"16":[0,0],"17":[0,0],"18":[0,0],"19":[0,0],"20":[0,0],"21":[0,0],"22":[0,0],"23":[0,0],"24":[0,0],"25":[0,0],"26":[0,0],"27":[0,0],"28":[0,0],"29":[0,0],"30":[0,0],"31":[0,0],"32":[0,0],"33":[0,0]},"f":{"1":0,"2":0,"3":0,"4":0,"5":0,"6":0,"7":0,"8":0,"9":0,"10":0,"11":0,"12":0,"13":0,"14":0,"15":0,"16":0,"17":0,"18":0,"19":0,"20":0,"21":0,"22":0,"23":0,"24":0,"25":0,"26":0,"27":0,"28":0},"fnMap":{"1":{"name":"getEffectiveOptions","line":54,"loc":{"start":{"line":54,"column":0},"end":{"line":54,"column":35}}},"2":{"name":"(anonymous_2)","line":57,"loc":{"start":{"line":57,"column":40},"end":{"line":57,"column":55}}},"3":{"name":"(anonymous_3)","line":61,"loc":{"start":{"line":61,"column":34},"end":{"line":61,"column":49}}},"4":{"name":"hookedLoader","line":75,"loc":{"start":{"line":75,"column":0},"end":{"line":75,"column":47}}},"5":{"name":"enable","line":119,"loc":{"start":{"line":119,"column":0},"end":{"line":119,"column":22}}},"6":{"name":"disable","line":142,"loc":{"start":{"line":142,"column":0},"end":{"line":142,"column":19}}},"7":{"name":"(anonymous_7)","line":154,"loc":{"start":{"line":154,"column":38},"end":{"line":154,"column":49}}},"8":{"name":"resetCache","line":173,"loc":{"start":{"line":173,"column":0},"end":{"line":173,"column":22}}},"9":{"name":"repopulateNative","line":186,"loc":{"start":{"line":186,"column":0},"end":{"line":186,"column":28}}},"10":{"name":"(anonymous_10)","line":187,"loc":{"start":{"line":187,"column":37},"end":{"line":187,"column":49}}},"11":{"name":"warnOnReplace","line":198,"loc":{"start":{"line":198,"column":0},"end":{"line":198,"column":31}}},"12":{"name":"warnOnUnregistered","line":206,"loc":{"start":{"line":206,"column":0},"end":{"line":206,"column":36}}},"13":{"name":"registerMock","line":216,"loc":{"start":{"line":216,"column":0},"end":{"line":216,"column":33}}},"14":{"name":"deregisterMock","line":228,"loc":{"start":{"line":228,"column":0},"end":{"line":228,"column":29}}},"15":{"name":"registerSubstitute","line":240,"loc":{"start":{"line":240,"column":0},"end":{"line":240,"column":40}}},"16":{"name":"deregisterSubstitute","line":254,"loc":{"start":{"line":254,"column":0},"end":{"line":254,"column":35}}},"17":{"name":"registerAllowable","line":269,"loc":{"start":{"line":269,"column":0},"end":{"line":269,"column":40}}},"18":{"name":"registerAllowables","line":281,"loc":{"start":{"line":281,"column":0},"end":{"line":281,"column":42}}},"19":{"name":"(anonymous_19)","line":282,"loc":{"start":{"line":282,"column":17},"end":{"line":282,"column":32}}},"20":{"name":"deregisterAllowable","line":292,"loc":{"start":{"line":292,"column":0},"end":{"line":292,"column":34}}},"21":{"name":"(anonymous_21)","line":296,"loc":{"start":{"line":296,"column":32},"end":{"line":296,"column":45}}},"22":{"name":"deregisterAllowables","line":309,"loc":{"start":{"line":309,"column":0},"end":{"line":309,"column":36}}},"23":{"name":"(anonymous_23)","line":310,"loc":{"start":{"line":310,"column":17},"end":{"line":310,"column":32}}},"24":{"name":"deregisterAll","line":320,"loc":{"start":{"line":320,"column":0},"end":{"line":320,"column":25}}},"25":{"name":"(anonymous_25)","line":321,"loc":{"start":{"line":321,"column":46},"end":{"line":321,"column":61}}},"26":{"name":"(anonymous_26)","line":324,"loc":{"start":{"line":324,"column":32},"end":{"line":324,"column":45}}},"27":{"name":"removeParentReferences","line":339,"loc":{"start":{"line":339,"column":0},"end":{"line":339,"column":34}}},"28":{"name":"(anonymous_28)","line":340,"loc":{"start":{"line":340,"column":34},"end":{"line":340,"column":45}}}},"statementMap":{"1":{"start":{"line":37,"column":0},"end":{"line":48,"column":17}},"2":{"start":{"line":54,"column":0},"end":{"line":66,"column":1}},"3":{"start":{"line":55,"column":4},"end":{"line":55,"column":21}},"4":{"start":{"line":57,"column":4},"end":{"line":59,"column":7}},"5":{"start":{"line":58,"column":8},"end":{"line":58,"column":43}},"6":{"start":{"line":60,"column":4},"end":{"line":64,"column":5}},"7":{"start":{"line":61,"column":8},"end":{"line":63,"column":11}},"8":{"start":{"line":62,"column":12},"end":{"line":62,"column":37}},"9":{"start":{"line":65,"column":4},"end":{"line":65,"column":19}},"10":{"start":{"line":75,"column":0},"end":{"line":112,"column":1}},"11":{"start":{"line":76,"column":4},"end":{"line":76,"column":27}},"12":{"start":{"line":78,"column":4},"end":{"line":80,"column":5}},"13":{"start":{"line":79,"column":8},"end":{"line":79,"column":54}},"14":{"start":{"line":82,"column":4},"end":{"line":84,"column":5}},"15":{"start":{"line":83,"column":8},"end":{"line":83,"column":40}},"16":{"start":{"line":86,"column":4},"end":{"line":95,"column":5}},"17":{"start":{"line":87,"column":8},"end":{"line":87,"column":47}},"18":{"start":{"line":88,"column":8},"end":{"line":90,"column":9}},"19":{"start":{"line":89,"column":12},"end":{"line":89,"column":70}},"20":{"start":{"line":91,"column":8},"end":{"line":93,"column":9}},"21":{"start":{"line":92,"column":12},"end":{"line":92,"column":78}},"22":{"start":{"line":94,"column":8},"end":{"line":94,"column":28}},"23":{"start":{"line":97,"column":4},"end":{"line":109,"column":5}},"24":{"start":{"line":98,"column":8},"end":{"line":98,"column":46}},"25":{"start":{"line":99,"column":8},"end":{"line":104,"column":9}},"26":{"start":{"line":100,"column":12},"end":{"line":100,"column":55}},"27":{"start":{"line":101,"column":12},"end":{"line":103,"column":13}},"28":{"start":{"line":102,"column":16},"end":{"line":102,"column":39}},"29":{"start":{"line":106,"column":8},"end":{"line":108,"column":9}},"30":{"start":{"line":107,"column":12},"end":{"line":107,"column":76}},"31":{"start":{"line":111,"column":4},"end":{"line":111,"column":51}},"32":{"start":{"line":119,"column":0},"end":{"line":135,"column":1}},"33":{"start":{"line":120,"column":4},"end":{"line":123,"column":5}},"34":{"start":{"line":122,"column":8},"end":{"line":122,"column":15}},"35":{"start":{"line":125,"column":4},"end":{"line":125,"column":40}},"36":{"start":{"line":127,"column":4},"end":{"line":131,"column":5}},"37":{"start":{"line":128,"column":8},"end":{"line":128,"column":33}},"38":{"start":{"line":129,"column":8},"end":{"line":129,"column":22}},"39":{"start":{"line":130,"column":8},"end":{"line":130,"column":27}},"40":{"start":{"line":133,"column":4},"end":{"line":133,"column":29}},"41":{"start":{"line":134,"column":4},"end":{"line":134,"column":27}},"42":{"start":{"line":142,"column":0},"end":{"line":166,"column":1}},"43":{"start":{"line":143,"column":4},"end":{"line":146,"column":5}},"44":{"start":{"line":145,"column":8},"end":{"line":145,"column":15}},"45":{"start":{"line":148,"column":4},"end":{"line":162,"column":5}},"46":{"start":{"line":154,"column":8},"end":{"line":158,"column":11}},"47":{"start":{"line":155,"column":12},"end":{"line":157,"column":13}},"48":{"start":{"line":156,"column":16},"end":{"line":156,"column":47}},"49":{"start":{"line":159,"column":8},"end":{"line":159,"column":33}},"50":{"start":{"line":160,"column":8},"end":{"line":160,"column":33}},"51":{"start":{"line":161,"column":8},"end":{"line":161,"column":29}},"52":{"start":{"line":164,"column":4},"end":{"line":164,"column":29}},"53":{"start":{"line":165,"column":4},"end":{"line":165,"column":26}},"54":{"start":{"line":173,"column":0},"end":{"line":179,"column":1}},"55":{"start":{"line":174,"column":4},"end":{"line":178,"column":5}},"56":{"start":{"line":175,"column":8},"end":{"line":175,"column":33}},"57":{"start":{"line":176,"column":8},"end":{"line":176,"column":22}},"58":{"start":{"line":177,"column":8},"end":{"line":177,"column":27}},"59":{"start":{"line":186,"column":0},"end":{"line":192,"column":1}},"60":{"start":{"line":187,"column":2},"end":{"line":191,"column":5}},"61":{"start":{"line":188,"column":6},"end":{"line":190,"column":7}},"62":{"start":{"line":189,"column":10},"end":{"line":189,"column":41}},"63":{"start":{"line":198,"column":0},"end":{"line":200,"column":1}},"64":{"start":{"line":199,"column":4},"end":{"line":199,"column":35}},"65":{"start":{"line":206,"column":0},"end":{"line":208,"column":1}},"66":{"start":{"line":207,"column":4},"end":{"line":207,"column":40}},"67":{"start":{"line":216,"column":0},"end":{"line":221,"column":1}},"68":{"start":{"line":217,"column":4},"end":{"line":219,"column":5}},"69":{"start":{"line":218,"column":8},"end":{"line":218,"column":76}},"70":{"start":{"line":220,"column":4},"end":{"line":220,"column":32}},"71":{"start":{"line":228,"column":0},"end":{"line":232,"column":1}},"72":{"start":{"line":229,"column":4},"end":{"line":231,"column":5}},"73":{"start":{"line":230,"column":8},"end":{"line":230,"column":36}},"74":{"start":{"line":240,"column":0},"end":{"line":247,"column":1}},"75":{"start":{"line":241,"column":4},"end":{"line":243,"column":5}},"76":{"start":{"line":242,"column":8},"end":{"line":242,"column":82}},"77":{"start":{"line":244,"column":4},"end":{"line":246,"column":6}},"78":{"start":{"line":254,"column":0},"end":{"line":258,"column":1}},"79":{"start":{"line":255,"column":4},"end":{"line":257,"column":5}},"80":{"start":{"line":256,"column":8},"end":{"line":256,"column":42}},"81":{"start":{"line":269,"column":0},"end":{"line":274,"column":1}},"82":{"start":{"line":270,"column":4},"end":{"line":273,"column":6}},"83":{"start":{"line":281,"column":0},"end":{"line":285,"column":1}},"84":{"start":{"line":282,"column":4},"end":{"line":284,"column":7}},"85":{"start":{"line":283,"column":8},"end":{"line":283,"column":39}},"86":{"start":{"line":292,"column":0},"end":{"line":302,"column":1}},"87":{"start":{"line":293,"column":4},"end":{"line":301,"column":5}},"88":{"start":{"line":294,"column":8},"end":{"line":294,"column":46}},"89":{"start":{"line":295,"column":8},"end":{"line":299,"column":9}},"90":{"start":{"line":296,"column":12},"end":{"line":298,"column":15}},"91":{"start":{"line":297,"column":16},"end":{"line":297,"column":35}},"92":{"start":{"line":300,"column":8},"end":{"line":300,"column":41}},"93":{"start":{"line":309,"column":0},"end":{"line":313,"column":1}},"94":{"start":{"line":310,"column":4},"end":{"line":312,"column":7}},"95":{"start":{"line":311,"column":8},"end":{"line":311,"column":33}},"96":{"start":{"line":320,"column":0},"end":{"line":333,"column":1}},"97":{"start":{"line":321,"column":4},"end":{"line":328,"column":7}},"98":{"start":{"line":322,"column":8},"end":{"line":322,"column":46}},"99":{"start":{"line":323,"column":8},"end":{"line":327,"column":9}},"100":{"start":{"line":324,"column":12},"end":{"line":326,"column":15}},"101":{"start":{"line":325,"column":16},"end":{"line":325,"column":35}},"102":{"start":{"line":330,"column":4},"end":{"line":330,"column":25}},"103":{"start":{"line":331,"column":4},"end":{"line":331,"column":31}},"104":{"start":{"line":332,"column":4},"end":{"line":332,"column":30}},"105":{"start":{"line":339,"column":0},"end":{"line":350,"column":1}},"106":{"start":{"line":340,"column":4},"end":{"line":349,"column":7}},"107":{"start":{"line":341,"column":8},"end":{"line":348,"column":9}},"108":{"start":{"line":343,"column":12},"end":{"line":343,"column":34}},"109":{"start":{"line":344,"column":12},"end":{"line":344,"column":55}},"110":{"start":{"line":345,"column":12},"end":{"line":347,"column":13}},"111":{"start":{"line":346,"column":16},"end":{"line":346,"column":51}},"112":{"start":{"line":353,"column":0},"end":{"line":353,"column":24}},"113":{"start":{"line":354,"column":0},"end":{"line":354,"column":26}},"114":{"start":{"line":355,"column":0},"end":{"line":355,"column":32}},"115":{"start":{"line":356,"column":0},"end":{"line":356,"column":38}},"116":{"start":{"line":357,"column":0},"end":{"line":357,"column":48}},"117":{"start":{"line":358,"column":0},"end":{"line":358,"column":36}},"118":{"start":{"line":359,"column":0},"end":{"line":359,"column":48}},"119":{"start":{"line":360,"column":0},"end":{"line":360,"column":46}},"120":{"start":{"line":361,"column":0},"end":{"line":361,"column":48}},"121":{"start":{"line":362,"column":0},"end":{"line":362,"column":40}},"122":{"start":{"line":363,"column":0},"end":{"line":363,"column":52}},"123":{"start":{"line":364,"column":0},"end":{"line":364,"column":50}},"124":{"start":{"line":365,"column":0},"end":{"line":365,"column":52}},"125":{"start":{"line":366,"column":0},"end":{"line":366,"column":38}}},"branchMap":{"1":{"line":60,"type":"if","locations":[{"start":{"line":60,"column":4},"end":{"line":60,"column":4}},{"start":{"line":60,"column":4},"end":{"line":60,"column":4}}]},"2":{"line":78,"type":"if","locations":[{"start":{"line":78,"column":4},"end":{"line":78,"column":4}},{"start":{"line":78,"column":4},"end":{"line":78,"column":4}}]},"3":{"line":82,"type":"if","locations":[{"start":{"line":82,"column":4},"end":{"line":82,"column":4}},{"start":{"line":82,"column":4},"end":{"line":82,"column":4}}]},"4":{"line":86,"type":"if","locations":[{"start":{"line":86,"column":4},"end":{"line":86,"column":4}},{"start":{"line":86,"column":4},"end":{"line":86,"column":4}}]},"5":{"line":88,"type":"if","locations":[{"start":{"line":88,"column":8},"end":{"line":88,"column":8}},{"start":{"line":88,"column":8},"end":{"line":88,"column":8}}]},"6":{"line":88,"type":"binary-expr","locations":[{"start":{"line":88,"column":12},"end":{"line":88,"column":25}},{"start":{"line":88,"column":29},"end":{"line":88,"column":39}}]},"7":{"line":91,"type":"if","locations":[{"start":{"line":91,"column":8},"end":{"line":91,"column":8}},{"start":{"line":91,"column":8},"end":{"line":91,"column":8}}]},"8":{"line":97,"type":"if","locations":[{"start":{"line":97,"column":4},"end":{"line":97,"column":4}},{"start":{"line":97,"column":4},"end":{"line":97,"column":4}}]},"9":{"line":99,"type":"if","locations":[{"start":{"line":99,"column":8},"end":{"line":99,"column":8}},{"start":{"line":99,"column":8},"end":{"line":99,"column":8}}]},"10":{"line":101,"type":"if","locations":[{"start":{"line":101,"column":12},"end":{"line":101,"column":12}},{"start":{"line":101,"column":12},"end":{"line":101,"column":12}}]},"11":{"line":101,"type":"binary-expr","locations":[{"start":{"line":101,"column":17},"end":{"line":101,"column":41}},{"start":{"line":101,"column":45},"end":{"line":101,"column":70}},{"start":{"line":101,"column":75},"end":{"line":101,"column":107}}]},"12":{"line":106,"type":"if","locations":[{"start":{"line":106,"column":8},"end":{"line":106,"column":8}},{"start":{"line":106,"column":8},"end":{"line":106,"column":8}}]},"13":{"line":120,"type":"if","locations":[{"start":{"line":120,"column":4},"end":{"line":120,"column":4}},{"start":{"line":120,"column":4},"end":{"line":120,"column":4}}]},"14":{"line":127,"type":"if","locations":[{"start":{"line":127,"column":4},"end":{"line":127,"column":4}},{"start":{"line":127,"column":4},"end":{"line":127,"column":4}}]},"15":{"line":143,"type":"if","locations":[{"start":{"line":143,"column":4},"end":{"line":143,"column":4}},{"start":{"line":143,"column":4},"end":{"line":143,"column":4}}]},"16":{"line":148,"type":"if","locations":[{"start":{"line":148,"column":4},"end":{"line":148,"column":4}},{"start":{"line":148,"column":4},"end":{"line":148,"column":4}}]},"17":{"line":155,"type":"if","locations":[{"start":{"line":155,"column":12},"end":{"line":155,"column":12}},{"start":{"line":155,"column":12},"end":{"line":155,"column":12}}]},"18":{"line":155,"type":"binary-expr","locations":[{"start":{"line":155,"column":16},"end":{"line":155,"column":40}},{"start":{"line":155,"column":44},"end":{"line":155,"column":61}}]},"19":{"line":174,"type":"if","locations":[{"start":{"line":174,"column":4},"end":{"line":174,"column":4}},{"start":{"line":174,"column":4},"end":{"line":174,"column":4}}]},"20":{"line":174,"type":"binary-expr","locations":[{"start":{"line":174,"column":8},"end":{"line":174,"column":29}},{"start":{"line":174,"column":33},"end":{"line":174,"column":46}}]},"21":{"line":188,"type":"if","locations":[{"start":{"line":188,"column":6},"end":{"line":188,"column":6}},{"start":{"line":188,"column":6},"end":{"line":188,"column":6}}]},"22":{"line":188,"type":"binary-expr","locations":[{"start":{"line":188,"column":10},"end":{"line":188,"column":34}},{"start":{"line":188,"column":38},"end":{"line":188,"column":50}}]},"23":{"line":217,"type":"if","locations":[{"start":{"line":217,"column":4},"end":{"line":217,"column":4}},{"start":{"line":217,"column":4},"end":{"line":217,"column":4}}]},"24":{"line":217,"type":"binary-expr","locations":[{"start":{"line":217,"column":8},"end":{"line":217,"column":29}},{"start":{"line":217,"column":33},"end":{"line":217,"column":68}}]},"25":{"line":229,"type":"if","locations":[{"start":{"line":229,"column":4},"end":{"line":229,"column":4}},{"start":{"line":229,"column":4},"end":{"line":229,"column":4}}]},"26":{"line":241,"type":"if","locations":[{"start":{"line":241,"column":4},"end":{"line":241,"column":4}},{"start":{"line":241,"column":4},"end":{"line":241,"column":4}}]},"27":{"line":241,"type":"binary-expr","locations":[{"start":{"line":241,"column":8},"end":{"line":241,"column":29}},{"start":{"line":241,"column":33},"end":{"line":241,"column":74}}]},"28":{"line":255,"type":"if","locations":[{"start":{"line":255,"column":4},"end":{"line":255,"column":4}},{"start":{"line":255,"column":4},"end":{"line":255,"column":4}}]},"29":{"line":293,"type":"if","locations":[{"start":{"line":293,"column":4},"end":{"line":293,"column":4}},{"start":{"line":293,"column":4},"end":{"line":293,"column":4}}]},"30":{"line":295,"type":"if","locations":[{"start":{"line":295,"column":8},"end":{"line":295,"column":8}},{"start":{"line":295,"column":8},"end":{"line":295,"column":8}}]},"31":{"line":323,"type":"if","locations":[{"start":{"line":323,"column":8},"end":{"line":323,"column":8}},{"start":{"line":323,"column":8},"end":{"line":323,"column":8}}]},"32":{"line":341,"type":"if","locations":[{"start":{"line":341,"column":8},"end":{"line":341,"column":8}},{"start":{"line":341,"column":8},"end":{"line":341,"column":8}}]},"33":{"line":345,"type":"if","locations":[{"start":{"line":345,"column":12},"end":{"line":345,"column":12}},{"start":{"line":345,"column":12},"end":{"line":345,"column":12}}]}},"code":["/*"," Copyrights for code authored by Yahoo! Inc. is licensed under the following"," terms:",""," MIT License",""," Copyright (c) 2011-2012 Yahoo! Inc. All Rights Reserved.",""," Permission is hereby granted, free of charge, to any person obtaining a copy"," of this software and associated documentation files (the \"Software\"), to"," deal in the Software without restriction, including without limitation the"," rights to use, copy, modify, merge, publish, distribute, sublicense, and/or"," sell copies of the Software, and to permit persons to whom the Software is"," furnished to do so, subject to the following conditions:",""," The above copyright notice and this permission notice shall be included in"," all copies or substantial portions of the Software.",""," THE SOFTWARE IS PROVIDED \"AS IS\", WITHOUT WARRANTY OF ANY KIND, EXPRESS OR"," IMPLIED, INCLUDING BUT NOT LIMITED TO THE WARRANTIES OF MERCHANTABILITY,"," FITNESS FOR A PARTICULAR PURPOSE AND NONINFRINGEMENT. IN NO EVENT SHALL THE"," AUTHORS OR COPYRIGHT HOLDERS BE LIABLE FOR ANY CLAIM, DAMAGES OR OTHER"," LIABILITY, WHETHER IN AN ACTION OF CONTRACT, TORT OR OTHERWISE, ARISING"," FROM, OUT OF OR IN CONNECTION WITH THE SOFTWARE OR THE USE OR OTHER"," DEALINGS IN THE SOFTWARE.","*/","","/*"," * A library that enables the hooking of the standard 'require' function, such"," * that a (possibly partial) mock implementation can be provided instead. This"," * is most useful for running unit tests, since any dependency obtained through"," * 'require' can be mocked out."," */","","\"use strict\";","","var m = require('module'),","    registeredMocks = {},","    registeredSubstitutes = {},","    registeredAllowables = {},","    originalLoader = null,","    originalCache = null,","    defaultOptions = {","        useCleanCache: false,","        warnOnReplace: true,","        warnOnUnregistered: true","    },","    options = {};","","/*"," * Merge the supplied options in with a new copy of the default options to get"," * the effective options, and return those."," */","function getEffectiveOptions(opts) {","    var options = {};","","    Object.keys(defaultOptions).forEach(function (key) {","        options[key] = defaultOptions[key];","    });","    if (opts) {","        Object.keys(opts).forEach(function (key) {","            options[key] = opts[key];","        });","    }","    return options;","}","","/*"," * The (private) loader replacement that is used when hooking is enabled. It"," * does the work of returning a mock or substitute when configured, reporting"," * non-allowed modules, and invoking the original loader when appropriate."," * The signature of this function *must* match that of Node's Module._load,"," * since it will replace that when mockery is enabled."," */","function hookedLoader(request, parent, isMain) {","    var subst, allow, file;","","    if (!originalLoader) {","        throw new Error(\"Loader has not been hooked\");","    }","","    if (registeredMocks.hasOwnProperty(request)) {","        return registeredMocks[request];","    }","","    if (registeredSubstitutes.hasOwnProperty(request)) {","        subst = registeredSubstitutes[request];","        if (!subst.module && subst.name) {","            subst.module = originalLoader(subst.name, parent, isMain);","        }","        if (!subst.module) {","            throw new Error(\"Misconfigured substitute for '\" + request + \"'\");","        }","        return subst.module;","    }","","    if (registeredAllowables.hasOwnProperty(request)) {","        allow = registeredAllowables[request];","        if (allow.unhook) {","            file = m._resolveFilename(request, parent);","            if ((file.indexOf('/') !== -1 || file.indexOf('\\\\') !== -1) && allow.paths.indexOf(file) === -1) {","                allow.paths.push(file);","            }","        }","    } else {","        if (options.warnOnUnregistered) {","            console.warn(\"WARNING: loading non-allowed module: \" + request);","        }","    }","","    return originalLoader(request, parent, isMain);","}","","/*"," * Enables mockery by hooking subsequent 'require' invocations. Note that *all*"," * 'require' invocations will be hooked until 'disable' is called. Calling this"," * function more than once will have no ill effects."," */","function enable(opts) {","    if (originalLoader) {","        // Already hooked","        return;","    }","","    options = getEffectiveOptions(opts);","","    if (options.useCleanCache) {","        originalCache = m._cache;","        m._cache = {};","        repopulateNative();","    }","","    originalLoader = m._load;","    m._load = hookedLoader;","}","","/*"," * Disables mockery by unhooking from the Node loader. No subsequent 'require'"," * invocations will be seen by mockery. Calling this function more than once"," * will have no ill effects."," */","function disable() {","    if (!originalLoader) {","        // Not hooked","        return;","    }","","    if (options.useCleanCache) {","        // Previously this just set m._cache to originalCache. This would make","        // node re-require native addons that were required while mockery was","        // enabled, which breaks it in node@>=0.12. Instead populate","        // originalCache with any native addons that were first required since","        // mockery was enabled.","        Object.keys(m._cache).forEach(function(k){","            if (k.indexOf('\\.node') > -1 && !originalCache[k]) {","                originalCache[k] = m._cache[k];","            }","        });","        removeParentReferences();","        m._cache = originalCache;","        originalCache = null;","    }","","    m._load = originalLoader;","    originalLoader = null;","}",""," /*"," * If the clean cache option is in effect, reset the module cache to an empty"," * state. Calling this function when the clean cache option is not in effect"," * will have no ill effects, but will do nothing."," */","function resetCache() {","    if (options.useCleanCache && originalCache) {","        removeParentReferences();","        m._cache = {};","        repopulateNative();","    }","}","","/*"," * Starting in node 0.12 node won't reload native modules"," * The reason is that native modules can register themselves to be loaded automatically"," * This will re-populate the cache with the native modules that have not been mocked"," */","function repopulateNative() {","  Object.keys(originalCache).forEach(function(k) {","      if (k.indexOf('\\.node') > -1 && !m._cache[k]) {","          m._cache[k] = originalCache[k];","      }","  });","}","","/*"," * Enable or disable warnings to the console when previously registered mocks"," * and subsitutes are replaced."," */","function warnOnReplace(enable) {","    options.warnOnReplace = enable;","}","","/*"," * Enable or disable warnings to the console when modules are loaded that have"," * not been registered as a mock, a substitute, or allowed."," */","function warnOnUnregistered(enable) {","    options.warnOnUnregistered = enable;","}","","/*"," * Register a mock object for the specified module. While mockery is enabled,"," * any subsequent 'require' for this module will return the mock object. The"," * mock need not mock out all original exports, but no fallback is provided"," * for anything not mocked and subsequently invoked."," */","function registerMock(mod, mock) {","    if (options.warnOnReplace && registeredMocks.hasOwnProperty(mod)) {","        console.warn(\"WARNING: Replacing existing mock for module: \" + mod);","    }","    registeredMocks[mod] = mock;","}","","/*"," * Deregister a mock object for the specified module. A subsequent 'require' for"," * that module will revert to the previous behaviour (which, by default, means"," * falling back to the original 'require' behaviour)."," */","function deregisterMock(mod) {","    if (registeredMocks.hasOwnProperty(mod)) {","        delete registeredMocks[mod];","    }","}","","/*"," * Register a substitute module for the specified module. While mockery is"," * enabled, any subsequent 'require' for this module will be effectively"," * replaced by a 'require' for the substitute module. This is useful when"," * a mock implementation is itself implemented as a module."," */","function registerSubstitute(mod, subst) {","    if (options.warnOnReplace && registeredSubstitutes.hasOwnProperty(mod)) {","        console.warn(\"WARNING: Replacing existing substitute for module: \" + mod);","    }","    registeredSubstitutes[mod] = {","        name: subst","    };","}","","/*"," * Deregister a substitute module for the specified module. A subsequent"," * 'require' for that module will revert to the previous behaviour (which, by"," * default, means falling back to the original 'require' behaviour)."," */","function deregisterSubstitute(mod) {","    if (registeredSubstitutes.hasOwnProperty(mod)) {","        delete registeredSubstitutes[mod];","    }","}","","/*"," * Register a module as 'allowed', meaning that, even if a mock or substitute"," * for it has not been registered, mockery will not complain when it is loaded"," * via 'require'. This encourages the user to consciously declare the modules"," * that will be loaded and used in the original form, thus avoiding warnings."," *"," * If 'unhook' is true, the module will be removed from the module cache when"," * it is deregistered."," */","function registerAllowable(mod, unhook) {","    registeredAllowables[mod] = {","        unhook: !!unhook,","        paths: []","    };","}","","/*"," * Register an array of modules as 'allowed'. This is a convenience function"," * that performs the same function as 'registerAllowable' but for an array of"," * modules rather than a single module."," */","function registerAllowables(mods, unhook) {","    mods.forEach(function (mod) {","        registerAllowable(mod, unhook);","    });","}","","/*"," * Deregister a module as 'allowed'. A subsequent 'require' for that module"," * will generate a warning that the module is not allowed, unless or until a"," * mock or substitute is registered for that module."," */","function deregisterAllowable(mod) {","    if (registeredAllowables.hasOwnProperty(mod)) {","        var allow = registeredAllowables[mod];","        if (allow.unhook) {","            allow.paths.forEach(function (p) {","                delete m._cache[p];","            });","        }","        delete registeredAllowables[mod];","    }","}","","/*"," * Deregister an array of modules as 'allowed'. This is a convenience function"," * that performs the same function as 'deregisterAllowable' but for an array of"," * modules rather than a single module."," */","function deregisterAllowables(mods) {","    mods.forEach(function (mod) {","        deregisterAllowable(mod);","    });","}","","/*"," * Deregister all mocks, substitutes, and allowed modules, resetting the state"," * to a clean slate. This does not affect the enabled / disabled state of"," * mockery, though."," */","function deregisterAll() {","    Object.keys(registeredAllowables).forEach(function (mod) {","        var allow = registeredAllowables[mod];","        if (allow.unhook) {","            allow.paths.forEach(function (p) {","                delete m._cache[p];","            });","        }","    });","","    registeredMocks = {};","    registeredSubstitutes = {};","    registeredAllowables = {};","}","","/**"," * Remove references to modules in the mockery cache from"," * their parents' children."," */","function removeParentReferences() {","    Object.keys(m._cache).forEach(function(k){","        if (k.indexOf('\\.node') === -1) {","            // don't touch native modules, because they're special","            var mod = m._cache[k];","            var idx = mod.parent.children.indexOf(mod);","            if (idx > -1) {","                mod.parent.children.splice(idx, 1);","            }","        }","    });","}","","// Exported functions","exports.enable = enable;","exports.disable = disable;","exports.resetCache = resetCache;","exports.warnOnReplace = warnOnReplace;","exports.warnOnUnregistered = warnOnUnregistered;","exports.registerMock = registerMock;","exports.registerSubstitute = registerSubstitute;","exports.registerAllowable = registerAllowable;","exports.registerAllowables = registerAllowables;","exports.deregisterMock = deregisterMock;","exports.deregisterSubstitute = deregisterSubstitute;","exports.deregisterAllowable = deregisterAllowable;","exports.deregisterAllowables = deregisterAllowables;","exports.deregisterAll = deregisterAll;",""],"l":{"37":1,"54":1,"55":0,"57":0,"58":0,"60":0,"61":0,"62":0,"65":0,"75":1,"76":0,"78":0,"79":0,"82":0,"83":0,"86":0,"87":0,"88":0,"89":0,"91":0,"92":0,"94":0,"97":0,"98":0,"99":0,"100":0,"101":0,"102":0,"106":0,"107":0,"111":0,"119":1,"120":0,"122":0,"125":0,"127":0,"128":0,"129":0,"130":0,"133":0,"134":0,"142":1,"143":0,"145":0,"148":0,"154":0,"155":0,"156":0,"159":0,"160":0,"161":0,"164":0,"165":0,"173":1,"174":0,"175":0,"176":0,"177":0,"186":1,"187":0,"188":0,"189":0,"198":1,"199":0,"206":1,"207":0,"216":1,"217":0,"218":0,"220":0,"228":1,"229":0,"230":0,"240":1,"241":0,"242":0,"244":0,"254":1,"255":0,"256":0,"269":1,"270":0,"281":1,"282":0,"283":0,"292":1,"293":0,"294":0,"295":0,"296":0,"297":0,"300":0,"309":1,"310":0,"311":0,"320":1,"321":0,"322":0,"323":0,"324":0,"325":0,"330":0,"331":0,"332":0,"339":1,"340":0,"341":0,"343":0,"344":0,"345":0,"346":0,"353":1,"354":1,"355":1,"356":1,"357":1,"358":1,"359":1,"360":1,"361":1,"362":1,"363":1,"364":1,"365":1,"366":1}}}